{"/home/luisim/bootcamp/projects/MERN_social_network/backend/router.js": {"path":"/home/luisim/bootcamp/projects/MERN_social_network/backend/router.js","statementMap":{"0":{"start":{"line":1,"column":15},"end":{"line":1,"column":42}},"1":{"start":{"line":2,"column":22},"end":{"line":2,"column":54}},"2":{"start":{"line":3,"column":19},"end":{"line":3,"column":48}},"3":{"start":{"line":6,"column":0},"end":{"line":6,"column":39}},"4":{"start":{"line":7,"column":0},"end":{"line":7,"column":33}},"5":{"start":{"line":10,"column":0},"end":{"line":10,"column":24}}},"fnMap":{},"branchMap":{},"s":{"0":2,"1":2,"2":2,"3":2,"4":2,"5":2},"f":{},"b":{},"_coverageSchema":"1a1c01bbd47fc00a2c39e90264f33305004495a9","hash":"71db0913cb99350290c696ab165602add6e53ced"}
,"/home/luisim/bootcamp/projects/MERN_social_network/backend/server.js": {"path":"/home/luisim/bootcamp/projects/MERN_social_network/backend/server.js","statementMap":{"0":{"start":{"line":1,"column":16},"end":{"line":1,"column":34}},"1":{"start":{"line":2,"column":12},"end":{"line":2,"column":21}},"2":{"start":{"line":3,"column":13},"end":{"line":3,"column":28}},"3":{"start":{"line":5,"column":15},"end":{"line":5,"column":34}},"4":{"start":{"line":7,"column":0},"end":{"line":7,"column":24}},"5":{"start":{"line":8,"column":0},"end":{"line":8,"column":16}},"6":{"start":{"line":9,"column":0},"end":{"line":9,"column":16}},"7":{"start":{"line":11,"column":0},"end":{"line":11,"column":21}}},"fnMap":{},"branchMap":{},"s":{"0":2,"1":2,"2":2,"3":2,"4":2,"5":2,"6":2,"7":2},"f":{},"b":{},"_coverageSchema":"1a1c01bbd47fc00a2c39e90264f33305004495a9","hash":"f357a4a56dbc79d67cd3e1c6f7528b6aa9f27411"}
,"/home/luisim/bootcamp/projects/MERN_social_network/backend/config/auth.js": {"path":"/home/luisim/bootcamp/projects/MERN_social_network/backend/config/auth.js","statementMap":{"0":{"start":{"line":1,"column":0},"end":{"line":1,"column":27}},"1":{"start":{"line":3,"column":0},"end":{"line":7,"column":1}}},"fnMap":{},"branchMap":{},"s":{"0":2,"1":2},"f":{},"b":{},"_coverageSchema":"1a1c01bbd47fc00a2c39e90264f33305004495a9","hash":"ca5e959b5791af024da61147475c31ef633a602b"}
,"/home/luisim/bootcamp/projects/MERN_social_network/backend/controllers/HiloController.js": {"path":"/home/luisim/bootcamp/projects/MERN_social_network/backend/controllers/HiloController.js","statementMap":{"0":{"start":{"line":1,"column":18},"end":{"line":1,"column":46}},"1":{"start":{"line":2,"column":21},"end":{"line":2,"column":52}},"2":{"start":{"line":3,"column":19},"end":{"line":3,"column":47}},"3":{"start":{"line":4,"column":12},"end":{"line":4,"column":35}},"4":{"start":{"line":14,"column":24},"end":{"line":14,"column":54}},"5":{"start":{"line":15,"column":8},"end":{"line":15,"column":35}},"6":{"start":{"line":17,"column":24},"end":{"line":21,"column":10}},"7":{"start":{"line":18,"column":12},"end":{"line":18,"column":52}},"8":{"start":{"line":20,"column":12},"end":{"line":20,"column":67}},"9":{"start":{"line":22,"column":27},"end":{"line":26,"column":10}},"10":{"start":{"line":23,"column":12},"end":{"line":23,"column":50}},"11":{"start":{"line":25,"column":12},"end":{"line":25,"column":34}},"12":{"start":{"line":27,"column":8},"end":{"line":33,"column":9}},"13":{"start":{"line":28,"column":12},"end":{"line":28,"column":46}},"14":{"start":{"line":29,"column":12},"end":{"line":29,"column":33}},"15":{"start":{"line":31,"column":12},"end":{"line":31,"column":45}},"16":{"start":{"line":32,"column":12},"end":{"line":32,"column":33}},"17":{"start":{"line":34,"column":8},"end":{"line":34,"column":25}},"18":{"start":{"line":39,"column":31},"end":{"line":43,"column":10}},"19":{"start":{"line":40,"column":12},"end":{"line":40,"column":47}},"20":{"start":{"line":42,"column":12},"end":{"line":42,"column":67}},"21":{"start":{"line":44,"column":8},"end":{"line":44,"column":32}},"22":{"start":{"line":49,"column":29},"end":{"line":53,"column":10}},"23":{"start":{"line":50,"column":12},"end":{"line":50,"column":47}},"24":{"start":{"line":52,"column":12},"end":{"line":52,"column":67}},"25":{"start":{"line":54,"column":8},"end":{"line":54,"column":30}},"26":{"start":{"line":58,"column":29},"end":{"line":62,"column":10}},"27":{"start":{"line":59,"column":12},"end":{"line":59,"column":47}},"28":{"start":{"line":61,"column":12},"end":{"line":61,"column":67}},"29":{"start":{"line":63,"column":8},"end":{"line":63,"column":30}},"30":{"start":{"line":68,"column":30},"end":{"line":72,"column":10}},"31":{"start":{"line":69,"column":12},"end":{"line":69,"column":58}},"32":{"start":{"line":71,"column":12},"end":{"line":71,"column":67}},"33":{"start":{"line":73,"column":8},"end":{"line":73,"column":31}},"34":{"start":{"line":78,"column":8},"end":{"line":92,"column":11}},"35":{"start":{"line":79,"column":12},"end":{"line":84,"column":13}},"36":{"start":{"line":86,"column":12},"end":{"line":91,"column":13}},"37":{"start":{"line":96,"column":21},"end":{"line":96,"column":31}},"38":{"start":{"line":97,"column":0},"end":{"line":97,"column":32}}},"fnMap":{"0":{"name":"(anonymous_0)","decl":{"start":{"line":9,"column":4},"end":{"line":9,"column":5}},"loc":{"start":{"line":9,"column":18},"end":{"line":10,"column":5}},"line":9},"1":{"name":"(anonymous_1)","decl":{"start":{"line":13,"column":4},"end":{"line":13,"column":5}},"loc":{"start":{"line":13,"column":26},"end":{"line":35,"column":5}},"line":13},"2":{"name":"(anonymous_2)","decl":{"start":{"line":17,"column":82},"end":{"line":17,"column":83}},"loc":{"start":{"line":17,"column":95},"end":{"line":19,"column":9}},"line":17},"3":{"name":"(anonymous_3)","decl":{"start":{"line":19,"column":17},"end":{"line":19,"column":18}},"loc":{"start":{"line":19,"column":26},"end":{"line":21,"column":9}},"line":19},"4":{"name":"(anonymous_4)","decl":{"start":{"line":22,"column":173},"end":{"line":22,"column":174}},"loc":{"start":{"line":22,"column":182},"end":{"line":24,"column":9}},"line":22},"5":{"name":"(anonymous_5)","decl":{"start":{"line":24,"column":17},"end":{"line":24,"column":18}},"loc":{"start":{"line":24,"column":26},"end":{"line":26,"column":9}},"line":24},"6":{"name":"(anonymous_6)","decl":{"start":{"line":38,"column":4},"end":{"line":38,"column":5}},"loc":{"start":{"line":38,"column":23},"end":{"line":45,"column":5}},"line":38},"7":{"name":"(anonymous_7)","decl":{"start":{"line":39,"column":59},"end":{"line":39,"column":60}},"loc":{"start":{"line":39,"column":67},"end":{"line":41,"column":9}},"line":39},"8":{"name":"(anonymous_8)","decl":{"start":{"line":41,"column":17},"end":{"line":41,"column":18}},"loc":{"start":{"line":41,"column":26},"end":{"line":43,"column":9}},"line":41},"9":{"name":"(anonymous_9)","decl":{"start":{"line":48,"column":4},"end":{"line":48,"column":5}},"loc":{"start":{"line":48,"column":26},"end":{"line":55,"column":5}},"line":48},"10":{"name":"(anonymous_10)","decl":{"start":{"line":49,"column":63},"end":{"line":49,"column":64}},"loc":{"start":{"line":49,"column":71},"end":{"line":51,"column":9}},"line":49},"11":{"name":"(anonymous_11)","decl":{"start":{"line":51,"column":17},"end":{"line":51,"column":18}},"loc":{"start":{"line":51,"column":26},"end":{"line":53,"column":9}},"line":51},"12":{"name":"(anonymous_12)","decl":{"start":{"line":57,"column":4},"end":{"line":57,"column":5}},"loc":{"start":{"line":57,"column":29},"end":{"line":64,"column":5}},"line":57},"13":{"name":"(anonymous_13)","decl":{"start":{"line":58,"column":79},"end":{"line":58,"column":80}},"loc":{"start":{"line":58,"column":87},"end":{"line":60,"column":9}},"line":58},"14":{"name":"(anonymous_14)","decl":{"start":{"line":60,"column":17},"end":{"line":60,"column":18}},"loc":{"start":{"line":60,"column":26},"end":{"line":62,"column":9}},"line":60},"15":{"name":"(anonymous_15)","decl":{"start":{"line":67,"column":4},"end":{"line":67,"column":5}},"loc":{"start":{"line":67,"column":31},"end":{"line":74,"column":5}},"line":67},"16":{"name":"(anonymous_16)","decl":{"start":{"line":68,"column":92},"end":{"line":68,"column":93}},"loc":{"start":{"line":68,"column":111},"end":{"line":70,"column":9}},"line":68},"17":{"name":"(anonymous_17)","decl":{"start":{"line":70,"column":17},"end":{"line":70,"column":18}},"loc":{"start":{"line":70,"column":26},"end":{"line":72,"column":9}},"line":70},"18":{"name":"(anonymous_18)","decl":{"start":{"line":77,"column":4},"end":{"line":77,"column":5}},"loc":{"start":{"line":77,"column":25},"end":{"line":93,"column":5}},"line":77},"19":{"name":"(anonymous_19)","decl":{"start":{"line":78,"column":58},"end":{"line":78,"column":59}},"loc":{"start":{"line":78,"column":73},"end":{"line":85,"column":9}},"line":78},"20":{"name":"(anonymous_20)","decl":{"start":{"line":85,"column":17},"end":{"line":85,"column":18}},"loc":{"start":{"line":85,"column":26},"end":{"line":92,"column":9}},"line":85}},"branchMap":{"0":{"loc":{"start":{"line":27,"column":8},"end":{"line":33,"column":9}},"type":"if","locations":[{"start":{"line":27,"column":8},"end":{"line":33,"column":9}},{"start":{"line":30,"column":15},"end":{"line":33,"column":9}}],"line":27},"1":{"loc":{"start":{"line":27,"column":12},"end":{"line":27,"column":67}},"type":"binary-expr","locations":[{"start":{"line":27,"column":12},"end":{"line":27,"column":36}},{"start":{"line":27,"column":40},"end":{"line":27,"column":67}}],"line":27}},"s":{"0":2,"1":2,"2":2,"3":2,"4":2,"5":2,"6":2,"7":2,"8":0,"9":2,"10":2,"11":0,"12":2,"13":2,"14":2,"15":0,"16":0,"17":2,"18":1,"19":1,"20":0,"21":1,"22":2,"23":2,"24":0,"25":2,"26":1,"27":1,"28":0,"29":1,"30":1,"31":1,"32":0,"33":1,"34":1,"35":1,"36":0,"37":2,"38":2},"f":{"0":2,"1":2,"2":2,"3":0,"4":2,"5":0,"6":1,"7":1,"8":0,"9":2,"10":2,"11":0,"12":1,"13":1,"14":0,"15":1,"16":1,"17":0,"18":1,"19":1,"20":0},"b":{"0":[2,0],"1":[2,2]},"_coverageSchema":"1a1c01bbd47fc00a2c39e90264f33305004495a9","hash":"57be6b1d5d58b6fe5f58943042e2bee6f0e87eb9"}
,"/home/luisim/bootcamp/projects/MERN_social_network/backend/controllers/UsuarioController.js": {"path":"/home/luisim/bootcamp/projects/MERN_social_network/backend/controllers/UsuarioController.js","statementMap":{"0":{"start":{"line":1,"column":21},"end":{"line":1,"column":52}},"1":{"start":{"line":2,"column":18},"end":{"line":2,"column":46}},"2":{"start":{"line":3,"column":15},"end":{"line":3,"column":32}},"3":{"start":{"line":4,"column":19},"end":{"line":4,"column":47}},"4":{"start":{"line":5,"column":12},"end":{"line":5,"column":35}},"5":{"start":{"line":6,"column":15},"end":{"line":6,"column":46}},"6":{"start":{"line":16,"column":8},"end":{"line":16,"column":85}},"7":{"start":{"line":17,"column":27},"end":{"line":21,"column":10}},"8":{"start":{"line":18,"column":12},"end":{"line":18,"column":55}},"9":{"start":{"line":20,"column":12},"end":{"line":20,"column":67}},"10":{"start":{"line":22,"column":8},"end":{"line":22,"column":28}},"11":{"start":{"line":27,"column":34},"end":{"line":31,"column":10}},"12":{"start":{"line":28,"column":12},"end":{"line":28,"column":50}},"13":{"start":{"line":30,"column":12},"end":{"line":30,"column":67}},"14":{"start":{"line":32,"column":8},"end":{"line":32,"column":35}},"15":{"start":{"line":37,"column":22},"end":{"line":41,"column":10}},"16":{"start":{"line":38,"column":12},"end":{"line":38,"column":53}},"17":{"start":{"line":40,"column":12},"end":{"line":40,"column":49}},"18":{"start":{"line":42,"column":8},"end":{"line":42,"column":23}},"19":{"start":{"line":46,"column":22},"end":{"line":50,"column":10}},"20":{"start":{"line":47,"column":12},"end":{"line":47,"column":54}},"21":{"start":{"line":49,"column":12},"end":{"line":49,"column":49}},"22":{"start":{"line":51,"column":8},"end":{"line":51,"column":23}},"23":{"start":{"line":55,"column":22},"end":{"line":59,"column":10}},"24":{"start":{"line":56,"column":12},"end":{"line":56,"column":57}},"25":{"start":{"line":58,"column":12},"end":{"line":58,"column":49}},"26":{"start":{"line":60,"column":8},"end":{"line":60,"column":23}},"27":{"start":{"line":65,"column":22},"end":{"line":65,"column":54}},"28":{"start":{"line":66,"column":8},"end":{"line":66,"column":23}},"29":{"start":{"line":70,"column":32},"end":{"line":74,"column":10}},"30":{"start":{"line":71,"column":12},"end":{"line":71,"column":50}},"31":{"start":{"line":73,"column":12},"end":{"line":73,"column":67}},"32":{"start":{"line":75,"column":8},"end":{"line":75,"column":32}},"33":{"start":{"line":79,"column":21},"end":{"line":79,"column":32}},"34":{"start":{"line":80,"column":20},"end":{"line":80,"column":30}},"35":{"start":{"line":82,"column":32},"end":{"line":112,"column":10}},"36":{"start":{"line":83,"column":12},"end":{"line":111,"column":13}},"37":{"start":{"line":84,"column":16},"end":{"line":89,"column":17}},"38":{"start":{"line":92,"column":16},"end":{"line":110,"column":17}},"39":{"start":{"line":93,"column":32},"end":{"line":95,"column":22}},"40":{"start":{"line":96,"column":20},"end":{"line":102,"column":21}},"41":{"start":{"line":104,"column":20},"end":{"line":109,"column":22}},"42":{"start":{"line":113,"column":8},"end":{"line":113,"column":31}},"43":{"start":{"line":117,"column":20},"end":{"line":117,"column":25}},"44":{"start":{"line":118,"column":8},"end":{"line":173,"column":9}},"45":{"start":{"line":119,"column":12},"end":{"line":124,"column":13}},"46":{"start":{"line":126,"column":12},"end":{"line":130,"column":13}},"47":{"start":{"line":127,"column":16},"end":{"line":127,"column":34}},"48":{"start":{"line":128,"column":16},"end":{"line":128,"column":29}},"49":{"start":{"line":131,"column":12},"end":{"line":145,"column":13}},"50":{"start":{"line":132,"column":16},"end":{"line":137,"column":18}},"51":{"start":{"line":138,"column":19},"end":{"line":145,"column":13}},"52":{"start":{"line":139,"column":16},"end":{"line":144,"column":18}},"53":{"start":{"line":147,"column":34},"end":{"line":171,"column":14}},"54":{"start":{"line":148,"column":16},"end":{"line":163,"column":17}},"55":{"start":{"line":149,"column":20},"end":{"line":155,"column":21}},"56":{"start":{"line":157,"column":20},"end":{"line":162,"column":21}},"57":{"start":{"line":165,"column":16},"end":{"line":170,"column":17}},"58":{"start":{"line":172,"column":12},"end":{"line":172,"column":35}},"59":{"start":{"line":177,"column":20},"end":{"line":177,"column":30}},"60":{"start":{"line":178,"column":25},"end":{"line":178,"column":40}},"61":{"start":{"line":180,"column":8},"end":{"line":187,"column":9}},"62":{"start":{"line":181,"column":12},"end":{"line":186,"column":13}},"63":{"start":{"line":188,"column":8},"end":{"line":195,"column":9}},"64":{"start":{"line":189,"column":12},"end":{"line":194,"column":13}},"65":{"start":{"line":197,"column":32},"end":{"line":240,"column":10}},"66":{"start":{"line":198,"column":12},"end":{"line":232,"column":13}},"67":{"start":{"line":199,"column":16},"end":{"line":204,"column":17}},"68":{"start":{"line":206,"column":16},"end":{"line":231,"column":17}},"69":{"start":{"line":207,"column":41},"end":{"line":207,"column":104}},"70":{"start":{"line":208,"column":42},"end":{"line":222,"column":22}},"71":{"start":{"line":209,"column":24},"end":{"line":214,"column":25}},"72":{"start":{"line":216,"column":24},"end":{"line":221,"column":25}},"73":{"start":{"line":223,"column":20},"end":{"line":223,"column":43}},"74":{"start":{"line":225,"column":20},"end":{"line":230,"column":21}},"75":{"start":{"line":234,"column":12},"end":{"line":239,"column":13}},"76":{"start":{"line":241,"column":8},"end":{"line":241,"column":33}},"77":{"start":{"line":245,"column":8},"end":{"line":259,"column":11}},"78":{"start":{"line":246,"column":12},"end":{"line":251,"column":13}},"79":{"start":{"line":253,"column":12},"end":{"line":258,"column":13}},"80":{"start":{"line":263,"column":8},"end":{"line":286,"column":9}},"81":{"start":{"line":264,"column":12},"end":{"line":285,"column":13}},"82":{"start":{"line":288,"column":24},"end":{"line":288,"column":47}},"83":{"start":{"line":289,"column":8},"end":{"line":289,"column":35}},"84":{"start":{"line":291,"column":22},"end":{"line":305,"column":10}},"85":{"start":{"line":292,"column":12},"end":{"line":297,"column":13}},"86":{"start":{"line":299,"column":12},"end":{"line":304,"column":13}},"87":{"start":{"line":307,"column":24},"end":{"line":311,"column":10}},"88":{"start":{"line":308,"column":12},"end":{"line":308,"column":34}},"89":{"start":{"line":310,"column":12},"end":{"line":310,"column":34}},"90":{"start":{"line":313,"column":8},"end":{"line":319,"column":9}},"91":{"start":{"line":314,"column":12},"end":{"line":314,"column":46}},"92":{"start":{"line":315,"column":12},"end":{"line":315,"column":33}},"93":{"start":{"line":317,"column":12},"end":{"line":317,"column":45}},"94":{"start":{"line":318,"column":12},"end":{"line":318,"column":33}},"95":{"start":{"line":320,"column":8},"end":{"line":320,"column":23}},"96":{"start":{"line":324,"column":24},"end":{"line":324,"column":47}},"97":{"start":{"line":325,"column":8},"end":{"line":325,"column":35}},"98":{"start":{"line":327,"column":22},"end":{"line":346,"column":14}},"99":{"start":{"line":333,"column":16},"end":{"line":338,"column":17}},"100":{"start":{"line":340,"column":16},"end":{"line":345,"column":17}},"101":{"start":{"line":348,"column":29},"end":{"line":355,"column":57}},"102":{"start":{"line":354,"column":16},"end":{"line":354,"column":38}},"103":{"start":{"line":355,"column":32},"end":{"line":355,"column":54}},"104":{"start":{"line":357,"column":8},"end":{"line":363,"column":9}},"105":{"start":{"line":358,"column":12},"end":{"line":358,"column":46}},"106":{"start":{"line":359,"column":12},"end":{"line":359,"column":33}},"107":{"start":{"line":361,"column":12},"end":{"line":361,"column":45}},"108":{"start":{"line":362,"column":12},"end":{"line":362,"column":33}},"109":{"start":{"line":365,"column":8},"end":{"line":365,"column":23}},"110":{"start":{"line":369,"column":24},"end":{"line":369,"column":47}},"111":{"start":{"line":370,"column":8},"end":{"line":370,"column":35}},"112":{"start":{"line":372,"column":19},"end":{"line":379,"column":57}},"113":{"start":{"line":378,"column":16},"end":{"line":378,"column":51}},"114":{"start":{"line":379,"column":32},"end":{"line":379,"column":54}},"115":{"start":{"line":380,"column":22},"end":{"line":413,"column":14}},"116":{"start":{"line":400,"column":16},"end":{"line":405,"column":17}},"117":{"start":{"line":407,"column":16},"end":{"line":412,"column":17}},"118":{"start":{"line":415,"column":8},"end":{"line":421,"column":9}},"119":{"start":{"line":416,"column":12},"end":{"line":416,"column":46}},"120":{"start":{"line":417,"column":12},"end":{"line":417,"column":33}},"121":{"start":{"line":419,"column":12},"end":{"line":419,"column":45}},"122":{"start":{"line":420,"column":12},"end":{"line":420,"column":33}},"123":{"start":{"line":423,"column":8},"end":{"line":423,"column":23}},"124":{"start":{"line":427,"column":24},"end":{"line":427,"column":47}},"125":{"start":{"line":428,"column":8},"end":{"line":428,"column":35}},"126":{"start":{"line":430,"column":19},"end":{"line":437,"column":57}},"127":{"start":{"line":436,"column":16},"end":{"line":436,"column":51}},"128":{"start":{"line":437,"column":32},"end":{"line":437,"column":54}},"129":{"start":{"line":438,"column":22},"end":{"line":463,"column":14}},"130":{"start":{"line":450,"column":16},"end":{"line":455,"column":17}},"131":{"start":{"line":457,"column":16},"end":{"line":462,"column":17}},"132":{"start":{"line":465,"column":8},"end":{"line":471,"column":9}},"133":{"start":{"line":466,"column":12},"end":{"line":466,"column":46}},"134":{"start":{"line":467,"column":12},"end":{"line":467,"column":33}},"135":{"start":{"line":469,"column":12},"end":{"line":469,"column":45}},"136":{"start":{"line":470,"column":12},"end":{"line":470,"column":33}},"137":{"start":{"line":473,"column":8},"end":{"line":473,"column":23}},"138":{"start":{"line":478,"column":24},"end":{"line":478,"column":37}},"139":{"start":{"line":479,"column":0},"end":{"line":479,"column":35}}},"fnMap":{"0":{"name":"(anonymous_0)","decl":{"start":{"line":11,"column":4},"end":{"line":11,"column":5}},"loc":{"start":{"line":11,"column":18},"end":{"line":12,"column":5}},"line":11},"1":{"name":"(anonymous_1)","decl":{"start":{"line":15,"column":4},"end":{"line":15,"column":5}},"loc":{"start":{"line":15,"column":29},"end":{"line":23,"column":5}},"line":15},"2":{"name":"(anonymous_2)","decl":{"start":{"line":17,"column":64},"end":{"line":17,"column":65}},"loc":{"start":{"line":17,"column":80},"end":{"line":19,"column":9}},"line":17},"3":{"name":"(anonymous_3)","decl":{"start":{"line":19,"column":17},"end":{"line":19,"column":18}},"loc":{"start":{"line":19,"column":26},"end":{"line":21,"column":9}},"line":19},"4":{"name":"(anonymous_4)","decl":{"start":{"line":26,"column":4},"end":{"line":26,"column":5}},"loc":{"start":{"line":26,"column":26},"end":{"line":33,"column":5}},"line":26},"5":{"name":"(anonymous_5)","decl":{"start":{"line":27,"column":65},"end":{"line":27,"column":66}},"loc":{"start":{"line":27,"column":76},"end":{"line":29,"column":9}},"line":27},"6":{"name":"(anonymous_6)","decl":{"start":{"line":29,"column":17},"end":{"line":29,"column":18}},"loc":{"start":{"line":29,"column":26},"end":{"line":31,"column":9}},"line":29},"7":{"name":"(anonymous_7)","decl":{"start":{"line":36,"column":4},"end":{"line":36,"column":5}},"loc":{"start":{"line":36,"column":37},"end":{"line":43,"column":5}},"line":36},"8":{"name":"(anonymous_8)","decl":{"start":{"line":37,"column":79},"end":{"line":37,"column":80}},"loc":{"start":{"line":37,"column":92},"end":{"line":39,"column":9}},"line":37},"9":{"name":"(anonymous_9)","decl":{"start":{"line":39,"column":17},"end":{"line":39,"column":18}},"loc":{"start":{"line":39,"column":26},"end":{"line":41,"column":9}},"line":39},"10":{"name":"(anonymous_10)","decl":{"start":{"line":45,"column":4},"end":{"line":45,"column":5}},"loc":{"start":{"line":45,"column":39},"end":{"line":52,"column":5}},"line":45},"11":{"name":"(anonymous_11)","decl":{"start":{"line":46,"column":80},"end":{"line":46,"column":81}},"loc":{"start":{"line":46,"column":94},"end":{"line":48,"column":9}},"line":46},"12":{"name":"(anonymous_12)","decl":{"start":{"line":48,"column":17},"end":{"line":48,"column":18}},"loc":{"start":{"line":48,"column":26},"end":{"line":50,"column":9}},"line":48},"13":{"name":"(anonymous_13)","decl":{"start":{"line":54,"column":4},"end":{"line":54,"column":5}},"loc":{"start":{"line":54,"column":40},"end":{"line":61,"column":5}},"line":54},"14":{"name":"(anonymous_14)","decl":{"start":{"line":55,"column":83},"end":{"line":55,"column":84}},"loc":{"start":{"line":55,"column":100},"end":{"line":57,"column":9}},"line":55},"15":{"name":"(anonymous_15)","decl":{"start":{"line":57,"column":17},"end":{"line":57,"column":18}},"loc":{"start":{"line":57,"column":26},"end":{"line":59,"column":9}},"line":57},"16":{"name":"(anonymous_16)","decl":{"start":{"line":64,"column":4},"end":{"line":64,"column":5}},"loc":{"start":{"line":64,"column":30},"end":{"line":67,"column":5}},"line":64},"17":{"name":"(anonymous_17)","decl":{"start":{"line":69,"column":4},"end":{"line":69,"column":5}},"loc":{"start":{"line":69,"column":29},"end":{"line":76,"column":5}},"line":69},"18":{"name":"(anonymous_18)","decl":{"start":{"line":70,"column":69},"end":{"line":70,"column":70}},"loc":{"start":{"line":70,"column":80},"end":{"line":72,"column":9}},"line":70},"19":{"name":"(anonymous_19)","decl":{"start":{"line":72,"column":17},"end":{"line":72,"column":18}},"loc":{"start":{"line":72,"column":26},"end":{"line":74,"column":9}},"line":72},"20":{"name":"(anonymous_20)","decl":{"start":{"line":78,"column":4},"end":{"line":78,"column":5}},"loc":{"start":{"line":78,"column":29},"end":{"line":114,"column":5}},"line":78},"21":{"name":"(anonymous_21)","decl":{"start":{"line":82,"column":84},"end":{"line":82,"column":85}},"loc":{"start":{"line":82,"column":105},"end":{"line":112,"column":9}},"line":82},"22":{"name":"(anonymous_22)","decl":{"start":{"line":116,"column":4},"end":{"line":116,"column":5}},"loc":{"start":{"line":116,"column":34},"end":{"line":174,"column":5}},"line":116},"23":{"name":"(anonymous_23)","decl":{"start":{"line":147,"column":101},"end":{"line":147,"column":102}},"loc":{"start":{"line":147,"column":116},"end":{"line":164,"column":13}},"line":147},"24":{"name":"(anonymous_24)","decl":{"start":{"line":164,"column":21},"end":{"line":164,"column":22}},"loc":{"start":{"line":164,"column":30},"end":{"line":171,"column":13}},"line":164},"25":{"name":"(anonymous_25)","decl":{"start":{"line":176,"column":4},"end":{"line":176,"column":5}},"loc":{"start":{"line":176,"column":39},"end":{"line":242,"column":5}},"line":176},"26":{"name":"(anonymous_26)","decl":{"start":{"line":197,"column":69},"end":{"line":197,"column":70}},"loc":{"start":{"line":197,"column":80},"end":{"line":233,"column":9}},"line":197},"27":{"name":"(anonymous_27)","decl":{"start":{"line":208,"column":119},"end":{"line":208,"column":120}},"loc":{"start":{"line":208,"column":134},"end":{"line":215,"column":21}},"line":208},"28":{"name":"(anonymous_28)","decl":{"start":{"line":215,"column":29},"end":{"line":215,"column":30}},"loc":{"start":{"line":215,"column":38},"end":{"line":222,"column":21}},"line":215},"29":{"name":"(anonymous_29)","decl":{"start":{"line":233,"column":17},"end":{"line":233,"column":18}},"loc":{"start":{"line":233,"column":26},"end":{"line":240,"column":9}},"line":233},"30":{"name":"(anonymous_30)","decl":{"start":{"line":244,"column":4},"end":{"line":244,"column":5}},"loc":{"start":{"line":244,"column":28},"end":{"line":260,"column":5}},"line":244},"31":{"name":"(anonymous_31)","decl":{"start":{"line":245,"column":61},"end":{"line":245,"column":62}},"loc":{"start":{"line":245,"column":79},"end":{"line":252,"column":9}},"line":245},"32":{"name":"(anonymous_32)","decl":{"start":{"line":252,"column":17},"end":{"line":252,"column":18}},"loc":{"start":{"line":252,"column":26},"end":{"line":259,"column":9}},"line":252},"33":{"name":"(anonymous_33)","decl":{"start":{"line":262,"column":4},"end":{"line":262,"column":5}},"loc":{"start":{"line":262,"column":34},"end":{"line":321,"column":5}},"line":262},"34":{"name":"(anonymous_34)","decl":{"start":{"line":291,"column":143},"end":{"line":291,"column":144}},"loc":{"start":{"line":291,"column":154},"end":{"line":298,"column":9}},"line":291},"35":{"name":"(anonymous_35)","decl":{"start":{"line":298,"column":17},"end":{"line":298,"column":18}},"loc":{"start":{"line":298,"column":26},"end":{"line":305,"column":9}},"line":298},"36":{"name":"(anonymous_36)","decl":{"start":{"line":307,"column":160},"end":{"line":307,"column":161}},"loc":{"start":{"line":307,"column":178},"end":{"line":309,"column":9}},"line":307},"37":{"name":"(anonymous_37)","decl":{"start":{"line":309,"column":17},"end":{"line":309,"column":18}},"loc":{"start":{"line":309,"column":26},"end":{"line":311,"column":9}},"line":309},"38":{"name":"(anonymous_38)","decl":{"start":{"line":323,"column":4},"end":{"line":323,"column":5}},"loc":{"start":{"line":323,"column":58},"end":{"line":366,"column":5}},"line":323},"39":{"name":"(anonymous_39)","decl":{"start":{"line":332,"column":19},"end":{"line":332,"column":20}},"loc":{"start":{"line":332,"column":30},"end":{"line":339,"column":13}},"line":332},"40":{"name":"(anonymous_40)","decl":{"start":{"line":339,"column":21},"end":{"line":339,"column":22}},"loc":{"start":{"line":339,"column":30},"end":{"line":346,"column":13}},"line":339},"41":{"name":"(anonymous_41)","decl":{"start":{"line":353,"column":19},"end":{"line":353,"column":20}},"loc":{"start":{"line":353,"column":30},"end":{"line":355,"column":13}},"line":353},"42":{"name":"(anonymous_42)","decl":{"start":{"line":355,"column":21},"end":{"line":355,"column":22}},"loc":{"start":{"line":355,"column":30},"end":{"line":355,"column":56}},"line":355},"43":{"name":"(anonymous_43)","decl":{"start":{"line":368,"column":4},"end":{"line":368,"column":5}},"loc":{"start":{"line":368,"column":49},"end":{"line":424,"column":5}},"line":368},"44":{"name":"(anonymous_44)","decl":{"start":{"line":377,"column":19},"end":{"line":377,"column":20}},"loc":{"start":{"line":377,"column":27},"end":{"line":379,"column":13}},"line":377},"45":{"name":"(anonymous_45)","decl":{"start":{"line":379,"column":21},"end":{"line":379,"column":22}},"loc":{"start":{"line":379,"column":30},"end":{"line":379,"column":56}},"line":379},"46":{"name":"(anonymous_46)","decl":{"start":{"line":399,"column":19},"end":{"line":399,"column":20}},"loc":{"start":{"line":399,"column":30},"end":{"line":406,"column":13}},"line":399},"47":{"name":"(anonymous_47)","decl":{"start":{"line":406,"column":21},"end":{"line":406,"column":22}},"loc":{"start":{"line":406,"column":30},"end":{"line":413,"column":13}},"line":406},"48":{"name":"(anonymous_48)","decl":{"start":{"line":426,"column":4},"end":{"line":426,"column":5}},"loc":{"start":{"line":426,"column":50},"end":{"line":474,"column":5}},"line":426},"49":{"name":"(anonymous_49)","decl":{"start":{"line":435,"column":19},"end":{"line":435,"column":20}},"loc":{"start":{"line":435,"column":27},"end":{"line":437,"column":13}},"line":435},"50":{"name":"(anonymous_50)","decl":{"start":{"line":437,"column":21},"end":{"line":437,"column":22}},"loc":{"start":{"line":437,"column":30},"end":{"line":437,"column":56}},"line":437},"51":{"name":"(anonymous_51)","decl":{"start":{"line":449,"column":19},"end":{"line":449,"column":20}},"loc":{"start":{"line":449,"column":30},"end":{"line":456,"column":13}},"line":449},"52":{"name":"(anonymous_52)","decl":{"start":{"line":456,"column":21},"end":{"line":456,"column":22}},"loc":{"start":{"line":456,"column":30},"end":{"line":463,"column":13}},"line":456}},"branchMap":{"0":{"loc":{"start":{"line":83,"column":12},"end":{"line":111,"column":13}},"type":"if","locations":[{"start":{"line":83,"column":12},"end":{"line":111,"column":13}},{"start":{"line":90,"column":19},"end":{"line":111,"column":13}}],"line":83},"1":{"loc":{"start":{"line":92,"column":16},"end":{"line":110,"column":17}},"type":"if","locations":[{"start":{"line":92,"column":16},"end":{"line":110,"column":17}},{"start":{"line":103,"column":23},"end":{"line":110,"column":17}}],"line":92},"2":{"loc":{"start":{"line":118,"column":8},"end":{"line":173,"column":9}},"type":"if","locations":[{"start":{"line":118,"column":8},"end":{"line":173,"column":9}},{"start":{"line":125,"column":15},"end":{"line":173,"column":9}}],"line":118},"3":{"loc":{"start":{"line":126,"column":12},"end":{"line":130,"column":13}},"type":"if","locations":[{"start":{"line":126,"column":12},"end":{"line":130,"column":13}},{"start":{},"end":{}}],"line":126},"4":{"loc":{"start":{"line":131,"column":12},"end":{"line":145,"column":13}},"type":"if","locations":[{"start":{"line":131,"column":12},"end":{"line":145,"column":13}},{"start":{"line":138,"column":19},"end":{"line":145,"column":13}}],"line":131},"5":{"loc":{"start":{"line":138,"column":19},"end":{"line":145,"column":13}},"type":"if","locations":[{"start":{"line":138,"column":19},"end":{"line":145,"column":13}},{"start":{},"end":{}}],"line":138},"6":{"loc":{"start":{"line":148,"column":16},"end":{"line":163,"column":17}},"type":"if","locations":[{"start":{"line":148,"column":16},"end":{"line":163,"column":17}},{"start":{"line":156,"column":23},"end":{"line":163,"column":17}}],"line":148},"7":{"loc":{"start":{"line":180,"column":8},"end":{"line":187,"column":9}},"type":"if","locations":[{"start":{"line":180,"column":8},"end":{"line":187,"column":9}},{"start":{},"end":{}}],"line":180},"8":{"loc":{"start":{"line":188,"column":8},"end":{"line":195,"column":9}},"type":"if","locations":[{"start":{"line":188,"column":8},"end":{"line":195,"column":9}},{"start":{},"end":{}}],"line":188},"9":{"loc":{"start":{"line":198,"column":12},"end":{"line":232,"column":13}},"type":"if","locations":[{"start":{"line":198,"column":12},"end":{"line":232,"column":13}},{"start":{"line":205,"column":19},"end":{"line":232,"column":13}}],"line":198},"10":{"loc":{"start":{"line":206,"column":16},"end":{"line":231,"column":17}},"type":"if","locations":[{"start":{"line":206,"column":16},"end":{"line":231,"column":17}},{"start":{"line":224,"column":23},"end":{"line":231,"column":17}}],"line":206},"11":{"loc":{"start":{"line":263,"column":8},"end":{"line":286,"column":9}},"type":"if","locations":[{"start":{"line":263,"column":8},"end":{"line":286,"column":9}},{"start":{},"end":{}}],"line":263},"12":{"loc":{"start":{"line":263,"column":12},"end":{"line":263,"column":44}},"type":"binary-expr","locations":[{"start":{"line":263,"column":12},"end":{"line":263,"column":25}},{"start":{"line":263,"column":29},"end":{"line":263,"column":44}}],"line":263},"13":{"loc":{"start":{"line":313,"column":8},"end":{"line":319,"column":9}},"type":"if","locations":[{"start":{"line":313,"column":8},"end":{"line":319,"column":9}},{"start":{"line":316,"column":15},"end":{"line":319,"column":9}}],"line":313},"14":{"loc":{"start":{"line":313,"column":12},"end":{"line":313,"column":62}},"type":"binary-expr","locations":[{"start":{"line":313,"column":12},"end":{"line":313,"column":34}},{"start":{"line":313,"column":38},"end":{"line":313,"column":62}}],"line":313},"15":{"loc":{"start":{"line":357,"column":8},"end":{"line":363,"column":9}},"type":"if","locations":[{"start":{"line":357,"column":8},"end":{"line":363,"column":9}},{"start":{"line":360,"column":15},"end":{"line":363,"column":9}}],"line":357},"16":{"loc":{"start":{"line":357,"column":12},"end":{"line":357,"column":67}},"type":"binary-expr","locations":[{"start":{"line":357,"column":12},"end":{"line":357,"column":34}},{"start":{"line":357,"column":38},"end":{"line":357,"column":67}}],"line":357},"17":{"loc":{"start":{"line":392,"column":43},"end":{"line":392,"column":111}},"type":"cond-expr","locations":[{"start":{"line":392,"column":76},"end":{"line":392,"column":104}},{"start":{"line":392,"column":107},"end":{"line":392,"column":111}}],"line":392},"18":{"loc":{"start":{"line":393,"column":38},"end":{"line":393,"column":96}},"type":"cond-expr","locations":[{"start":{"line":393,"column":66},"end":{"line":393,"column":89}},{"start":{"line":393,"column":92},"end":{"line":393,"column":96}}],"line":393},"19":{"loc":{"start":{"line":415,"column":8},"end":{"line":421,"column":9}},"type":"if","locations":[{"start":{"line":415,"column":8},"end":{"line":421,"column":9}},{"start":{"line":418,"column":15},"end":{"line":421,"column":9}}],"line":415},"20":{"loc":{"start":{"line":415,"column":12},"end":{"line":415,"column":57}},"type":"binary-expr","locations":[{"start":{"line":415,"column":12},"end":{"line":415,"column":34}},{"start":{"line":415,"column":38},"end":{"line":415,"column":57}}],"line":415},"21":{"loc":{"start":{"line":465,"column":8},"end":{"line":471,"column":9}},"type":"if","locations":[{"start":{"line":465,"column":8},"end":{"line":471,"column":9}},{"start":{"line":468,"column":15},"end":{"line":471,"column":9}}],"line":465},"22":{"loc":{"start":{"line":465,"column":12},"end":{"line":465,"column":57}},"type":"binary-expr","locations":[{"start":{"line":465,"column":12},"end":{"line":465,"column":34}},{"start":{"line":465,"column":38},"end":{"line":465,"column":57}}],"line":465}},"s":{"0":2,"1":2,"2":2,"3":2,"4":2,"5":2,"6":7,"7":6,"8":3,"9":3,"10":6,"11":1,"12":1,"13":0,"14":1,"15":1,"16":1,"17":0,"18":1,"19":1,"20":1,"21":0,"22":1,"23":1,"24":1,"25":0,"26":1,"27":0,"28":0,"29":3,"30":2,"31":1,"32":3,"33":5,"34":5,"35":5,"36":5,"37":2,"38":3,"39":2,"40":2,"41":1,"42":5,"43":6,"44":6,"45":1,"46":5,"47":1,"48":1,"49":5,"50":1,"51":4,"52":1,"53":3,"54":2,"55":1,"56":1,"57":1,"58":3,"59":1,"60":1,"61":1,"62":0,"63":1,"64":0,"65":1,"66":1,"67":0,"68":1,"69":1,"70":1,"71":1,"72":0,"73":1,"74":0,"75":0,"76":1,"77":2,"78":1,"79":1,"80":1,"81":0,"82":1,"83":1,"84":1,"85":1,"86":0,"87":1,"88":1,"89":0,"90":1,"91":1,"92":1,"93":0,"94":0,"95":1,"96":2,"97":2,"98":2,"99":1,"100":1,"101":2,"102":1,"103":1,"104":2,"105":1,"106":1,"107":1,"108":1,"109":2,"110":2,"111":2,"112":2,"113":2,"114":0,"115":2,"116":1,"117":0,"118":1,"119":1,"120":1,"121":0,"122":0,"123":1,"124":1,"125":1,"126":1,"127":1,"128":0,"129":1,"130":1,"131":0,"132":1,"133":1,"134":1,"135":0,"136":0,"137":1,"138":2,"139":2},"f":{"0":2,"1":7,"2":3,"3":3,"4":1,"5":1,"6":0,"7":1,"8":1,"9":0,"10":1,"11":1,"12":0,"13":1,"14":1,"15":0,"16":0,"17":3,"18":2,"19":1,"20":5,"21":5,"22":6,"23":2,"24":1,"25":1,"26":1,"27":1,"28":0,"29":0,"30":2,"31":1,"32":1,"33":1,"34":1,"35":0,"36":1,"37":0,"38":2,"39":1,"40":1,"41":1,"42":1,"43":2,"44":2,"45":0,"46":1,"47":0,"48":1,"49":1,"50":0,"51":1,"52":0},"b":{"0":[2,3],"1":[2,1],"2":[1,5],"3":[1,4],"4":[1,4],"5":[1,3],"6":[1,1],"7":[0,1],"8":[0,1],"9":[0,1],"10":[1,0],"11":[0,1],"12":[1,1],"13":[1,0],"14":[1,1],"15":[1,1],"16":[2,1],"17":[1,0],"18":[1,0],"19":[1,0],"20":[1,1],"21":[1,0],"22":[1,1]},"_coverageSchema":"1a1c01bbd47fc00a2c39e90264f33305004495a9","hash":"68b9584abe76e8f26a76dc229f4c06ed676d8740"}
,"/home/luisim/bootcamp/projects/MERN_social_network/backend/models/hilo.js": {"path":"/home/luisim/bootcamp/projects/MERN_social_network/backend/models/hilo.js","statementMap":{"0":{"start":{"line":2,"column":17},"end":{"line":2,"column":36}},"1":{"start":{"line":3,"column":15},"end":{"line":3,"column":30}},"2":{"start":{"line":5,"column":19},"end":{"line":41,"column":2}},"3":{"start":{"line":43,"column":13},"end":{"line":43,"column":47}},"4":{"start":{"line":44,"column":0},"end":{"line":44,"column":22}}},"fnMap":{},"branchMap":{},"s":{"0":2,"1":2,"2":2,"3":2,"4":2},"f":{},"b":{},"_coverageSchema":"1a1c01bbd47fc00a2c39e90264f33305004495a9","hash":"33ac9691d9a0c28a86eb7884ab805586a4f9b06b"}
,"/home/luisim/bootcamp/projects/MERN_social_network/backend/models/usuario.js": {"path":"/home/luisim/bootcamp/projects/MERN_social_network/backend/models/usuario.js","statementMap":{"0":{"start":{"line":2,"column":17},"end":{"line":2,"column":36}},"1":{"start":{"line":3,"column":15},"end":{"line":3,"column":30}},"2":{"start":{"line":5,"column":22},"end":{"line":51,"column":2}},"3":{"start":{"line":53,"column":21},"end":{"line":58,"column":1}},"4":{"start":{"line":55,"column":8},"end":{"line":55,"column":27}},"5":{"start":{"line":56,"column":8},"end":{"line":56,"column":18}},"6":{"start":{"line":60,"column":0},"end":{"line":60,"column":42}},"7":{"start":{"line":62,"column":16},"end":{"line":62,"column":56}},"8":{"start":{"line":63,"column":0},"end":{"line":63,"column":25}}},"fnMap":{"0":{"name":"(anonymous_0)","decl":{"start":{"line":54,"column":15},"end":{"line":54,"column":16}},"loc":{"start":{"line":54,"column":32},"end":{"line":57,"column":5}},"line":54}},"branchMap":{},"s":{"0":2,"1":2,"2":2,"3":2,"4":21,"5":21,"6":2,"7":2,"8":2},"f":{"0":21},"b":{},"_coverageSchema":"1a1c01bbd47fc00a2c39e90264f33305004495a9","hash":"04a6bd8a4a5fedba79af92d844baca0505301dd5"}
,"/home/luisim/bootcamp/projects/MERN_social_network/backend/views/HiloRouter.js": {"path":"/home/luisim/bootcamp/projects/MERN_social_network/backend/views/HiloRouter.js","statementMap":{"0":{"start":{"line":1,"column":15},"end":{"line":1,"column":42}},"1":{"start":{"line":3,"column":23},"end":{"line":3,"column":63}},"2":{"start":{"line":9,"column":0},"end":{"line":19,"column":3}},"3":{"start":{"line":10,"column":4},"end":{"line":18,"column":5}},"4":{"start":{"line":11,"column":21},"end":{"line":11,"column":29}},"5":{"start":{"line":12,"column":24},"end":{"line":12,"column":60}},"6":{"start":{"line":13,"column":8},"end":{"line":13,"column":59}},"7":{"start":{"line":15,"column":8},"end":{"line":17,"column":11}},"8":{"start":{"line":25,"column":0},"end":{"line":34,"column":3}},"9":{"start":{"line":26,"column":4},"end":{"line":33,"column":5}},"10":{"start":{"line":27,"column":24},"end":{"line":27,"column":57}},"11":{"start":{"line":28,"column":8},"end":{"line":28,"column":59}},"12":{"start":{"line":30,"column":8},"end":{"line":32,"column":11}},"13":{"start":{"line":40,"column":0},"end":{"line":50,"column":3}},"14":{"start":{"line":41,"column":4},"end":{"line":49,"column":5}},"15":{"start":{"line":42,"column":17},"end":{"line":42,"column":30}},"16":{"start":{"line":43,"column":24},"end":{"line":43,"column":60}},"17":{"start":{"line":44,"column":8},"end":{"line":44,"column":59}},"18":{"start":{"line":46,"column":8},"end":{"line":48,"column":11}},"19":{"start":{"line":55,"column":0},"end":{"line":65,"column":2}},"20":{"start":{"line":56,"column":4},"end":{"line":64,"column":5}},"21":{"start":{"line":57,"column":17},"end":{"line":57,"column":30}},"22":{"start":{"line":58,"column":24},"end":{"line":58,"column":63}},"23":{"start":{"line":59,"column":8},"end":{"line":59,"column":59}},"24":{"start":{"line":61,"column":8},"end":{"line":63,"column":11}},"25":{"start":{"line":71,"column":0},"end":{"line":82,"column":3}},"26":{"start":{"line":72,"column":4},"end":{"line":81,"column":5}},"27":{"start":{"line":73,"column":19},"end":{"line":73,"column":32}},"28":{"start":{"line":74,"column":21},"end":{"line":74,"column":29}},"29":{"start":{"line":75,"column":24},"end":{"line":75,"column":65}},"30":{"start":{"line":76,"column":8},"end":{"line":76,"column":59}},"31":{"start":{"line":78,"column":8},"end":{"line":80,"column":11}},"32":{"start":{"line":88,"column":0},"end":{"line":98,"column":3}},"33":{"start":{"line":89,"column":4},"end":{"line":97,"column":5}},"34":{"start":{"line":90,"column":19},"end":{"line":90,"column":32}},"35":{"start":{"line":91,"column":24},"end":{"line":91,"column":59}},"36":{"start":{"line":92,"column":8},"end":{"line":92,"column":59}},"37":{"start":{"line":94,"column":8},"end":{"line":96,"column":11}},"38":{"start":{"line":100,"column":0},"end":{"line":100,"column":24}}},"fnMap":{"0":{"name":"(anonymous_0)","decl":{"start":{"line":9,"column":17},"end":{"line":9,"column":18}},"loc":{"start":{"line":9,"column":37},"end":{"line":19,"column":1}},"line":9},"1":{"name":"(anonymous_1)","decl":{"start":{"line":25,"column":16},"end":{"line":25,"column":17}},"loc":{"start":{"line":25,"column":36},"end":{"line":34,"column":1}},"line":25},"2":{"name":"(anonymous_2)","decl":{"start":{"line":40,"column":19},"end":{"line":40,"column":20}},"loc":{"start":{"line":40,"column":39},"end":{"line":50,"column":1}},"line":40},"3":{"name":"(anonymous_3)","decl":{"start":{"line":55,"column":25},"end":{"line":55,"column":26}},"loc":{"start":{"line":55,"column":45},"end":{"line":65,"column":1}},"line":55},"4":{"name":"(anonymous_4)","decl":{"start":{"line":71,"column":21},"end":{"line":71,"column":22}},"loc":{"start":{"line":71,"column":41},"end":{"line":82,"column":1}},"line":71},"5":{"name":"(anonymous_5)","decl":{"start":{"line":88,"column":22},"end":{"line":88,"column":23}},"loc":{"start":{"line":88,"column":42},"end":{"line":98,"column":1}},"line":88}},"branchMap":{},"s":{"0":2,"1":2,"2":2,"3":2,"4":2,"5":2,"6":2,"7":0,"8":2,"9":1,"10":1,"11":1,"12":0,"13":2,"14":2,"15":2,"16":2,"17":2,"18":0,"19":2,"20":1,"21":1,"22":1,"23":1,"24":0,"25":2,"26":1,"27":1,"28":1,"29":1,"30":1,"31":0,"32":2,"33":1,"34":1,"35":1,"36":1,"37":0,"38":2},"f":{"0":2,"1":1,"2":2,"3":1,"4":1,"5":1},"b":{},"_coverageSchema":"1a1c01bbd47fc00a2c39e90264f33305004495a9","hash":"028eb50b1cfd35ed4ce9cbfb64ed94370b2a356d"}
,"/home/luisim/bootcamp/projects/MERN_social_network/backend/views/UsuarioRouter.js": {"path":"/home/luisim/bootcamp/projects/MERN_social_network/backend/views/UsuarioRouter.js","statementMap":{"0":{"start":{"line":1,"column":15},"end":{"line":1,"column":42}},"1":{"start":{"line":3,"column":26},"end":{"line":3,"column":69}},"2":{"start":{"line":9,"column":0},"end":{"line":19,"column":3}},"3":{"start":{"line":10,"column":4},"end":{"line":18,"column":5}},"4":{"start":{"line":11,"column":21},"end":{"line":11,"column":29}},"5":{"start":{"line":12,"column":24},"end":{"line":12,"column":66}},"6":{"start":{"line":13,"column":8},"end":{"line":13,"column":59}},"7":{"start":{"line":15,"column":8},"end":{"line":17,"column":11}},"8":{"start":{"line":25,"column":0},"end":{"line":35,"column":3}},"9":{"start":{"line":26,"column":4},"end":{"line":34,"column":5}},"10":{"start":{"line":27,"column":21},"end":{"line":27,"column":29}},"11":{"start":{"line":28,"column":24},"end":{"line":28,"column":66}},"12":{"start":{"line":29,"column":8},"end":{"line":29,"column":59}},"13":{"start":{"line":31,"column":8},"end":{"line":33,"column":11}},"14":{"start":{"line":41,"column":0},"end":{"line":52,"column":3}},"15":{"start":{"line":42,"column":4},"end":{"line":51,"column":5}},"16":{"start":{"line":43,"column":19},"end":{"line":43,"column":32}},"17":{"start":{"line":44,"column":21},"end":{"line":44,"column":29}},"18":{"start":{"line":45,"column":24},"end":{"line":45,"column":71}},"19":{"start":{"line":46,"column":8},"end":{"line":46,"column":59}},"20":{"start":{"line":48,"column":8},"end":{"line":50,"column":11}},"21":{"start":{"line":58,"column":0},"end":{"line":69,"column":3}},"22":{"start":{"line":59,"column":4},"end":{"line":68,"column":5}},"23":{"start":{"line":60,"column":26},"end":{"line":60,"column":39}},"24":{"start":{"line":61,"column":23},"end":{"line":61,"column":36}},"25":{"start":{"line":62,"column":24},"end":{"line":62,"column":84}},"26":{"start":{"line":63,"column":8},"end":{"line":63,"column":59}},"27":{"start":{"line":65,"column":8},"end":{"line":67,"column":11}},"28":{"start":{"line":75,"column":0},"end":{"line":84,"column":3}},"29":{"start":{"line":76,"column":4},"end":{"line":83,"column":5}},"30":{"start":{"line":77,"column":24},"end":{"line":77,"column":63}},"31":{"start":{"line":78,"column":8},"end":{"line":78,"column":59}},"32":{"start":{"line":80,"column":8},"end":{"line":82,"column":11}},"33":{"start":{"line":90,"column":0},"end":{"line":100,"column":3}},"34":{"start":{"line":91,"column":4},"end":{"line":99,"column":5}},"35":{"start":{"line":92,"column":19},"end":{"line":92,"column":32}},"36":{"start":{"line":93,"column":24},"end":{"line":93,"column":74}},"37":{"start":{"line":94,"column":8},"end":{"line":94,"column":59}},"38":{"start":{"line":96,"column":8},"end":{"line":98,"column":11}},"39":{"start":{"line":106,"column":0},"end":{"line":116,"column":3}},"40":{"start":{"line":107,"column":4},"end":{"line":115,"column":5}},"41":{"start":{"line":108,"column":19},"end":{"line":108,"column":32}},"42":{"start":{"line":109,"column":24},"end":{"line":109,"column":76}},"43":{"start":{"line":110,"column":8},"end":{"line":110,"column":59}},"44":{"start":{"line":112,"column":8},"end":{"line":114,"column":11}},"45":{"start":{"line":121,"column":0},"end":{"line":131,"column":2}},"46":{"start":{"line":122,"column":4},"end":{"line":130,"column":5}},"47":{"start":{"line":123,"column":19},"end":{"line":123,"column":32}},"48":{"start":{"line":124,"column":24},"end":{"line":124,"column":77}},"49":{"start":{"line":125,"column":8},"end":{"line":125,"column":59}},"50":{"start":{"line":127,"column":8},"end":{"line":129,"column":11}},"51":{"start":{"line":137,"column":0},"end":{"line":147,"column":3}},"52":{"start":{"line":138,"column":4},"end":{"line":146,"column":5}},"53":{"start":{"line":139,"column":17},"end":{"line":139,"column":30}},"54":{"start":{"line":140,"column":24},"end":{"line":140,"column":66}},"55":{"start":{"line":141,"column":8},"end":{"line":141,"column":59}},"56":{"start":{"line":143,"column":8},"end":{"line":145,"column":11}},"57":{"start":{"line":153,"column":0},"end":{"line":163,"column":3}},"58":{"start":{"line":154,"column":4},"end":{"line":162,"column":5}},"59":{"start":{"line":155,"column":23},"end":{"line":155,"column":41}},"60":{"start":{"line":156,"column":24},"end":{"line":156,"column":71}},"61":{"start":{"line":157,"column":8},"end":{"line":157,"column":59}},"62":{"start":{"line":159,"column":8},"end":{"line":161,"column":11}},"63":{"start":{"line":169,"column":0},"end":{"line":180,"column":3}},"64":{"start":{"line":170,"column":4},"end":{"line":179,"column":5}},"65":{"start":{"line":171,"column":19},"end":{"line":171,"column":32}},"66":{"start":{"line":172,"column":21},"end":{"line":172,"column":29}},"67":{"start":{"line":173,"column":24},"end":{"line":173,"column":71}},"68":{"start":{"line":174,"column":8},"end":{"line":174,"column":59}},"69":{"start":{"line":176,"column":8},"end":{"line":178,"column":11}},"70":{"start":{"line":185,"column":0},"end":{"line":196,"column":3}},"71":{"start":{"line":186,"column":4},"end":{"line":195,"column":5}},"72":{"start":{"line":187,"column":19},"end":{"line":187,"column":32}},"73":{"start":{"line":188,"column":21},"end":{"line":188,"column":29}},"74":{"start":{"line":189,"column":24},"end":{"line":189,"column":76}},"75":{"start":{"line":190,"column":8},"end":{"line":190,"column":59}},"76":{"start":{"line":192,"column":8},"end":{"line":194,"column":11}},"77":{"start":{"line":202,"column":0},"end":{"line":212,"column":3}},"78":{"start":{"line":203,"column":4},"end":{"line":211,"column":5}},"79":{"start":{"line":204,"column":19},"end":{"line":204,"column":32}},"80":{"start":{"line":205,"column":24},"end":{"line":205,"column":65}},"81":{"start":{"line":206,"column":8},"end":{"line":206,"column":59}},"82":{"start":{"line":208,"column":8},"end":{"line":210,"column":11}},"83":{"start":{"line":218,"column":0},"end":{"line":229,"column":3}},"84":{"start":{"line":219,"column":4},"end":{"line":228,"column":5}},"85":{"start":{"line":220,"column":19},"end":{"line":220,"column":32}},"86":{"start":{"line":221,"column":19},"end":{"line":221,"column":32}},"87":{"start":{"line":222,"column":24},"end":{"line":222,"column":76}},"88":{"start":{"line":223,"column":8},"end":{"line":223,"column":59}},"89":{"start":{"line":225,"column":8},"end":{"line":227,"column":11}},"90":{"start":{"line":234,"column":0},"end":{"line":245,"column":3}},"91":{"start":{"line":235,"column":4},"end":{"line":244,"column":5}},"92":{"start":{"line":236,"column":24},"end":{"line":236,"column":37}},"93":{"start":{"line":237,"column":21},"end":{"line":237,"column":34}},"94":{"start":{"line":238,"column":24},"end":{"line":238,"column":81}},"95":{"start":{"line":239,"column":8},"end":{"line":239,"column":59}},"96":{"start":{"line":241,"column":8},"end":{"line":243,"column":11}},"97":{"start":{"line":247,"column":0},"end":{"line":247,"column":24}}},"fnMap":{"0":{"name":"(anonymous_0)","decl":{"start":{"line":9,"column":17},"end":{"line":9,"column":18}},"loc":{"start":{"line":9,"column":37},"end":{"line":19,"column":1}},"line":9},"1":{"name":"(anonymous_1)","decl":{"start":{"line":25,"column":22},"end":{"line":25,"column":23}},"loc":{"start":{"line":25,"column":42},"end":{"line":35,"column":1}},"line":25},"2":{"name":"(anonymous_2)","decl":{"start":{"line":41,"column":30},"end":{"line":41,"column":31}},"loc":{"start":{"line":41,"column":50},"end":{"line":52,"column":1}},"line":41},"3":{"name":"(anonymous_3)","decl":{"start":{"line":58,"column":29},"end":{"line":58,"column":30}},"loc":{"start":{"line":58,"column":49},"end":{"line":69,"column":1}},"line":58},"4":{"name":"(anonymous_4)","decl":{"start":{"line":75,"column":16},"end":{"line":75,"column":17}},"loc":{"start":{"line":75,"column":36},"end":{"line":84,"column":1}},"line":75},"5":{"name":"(anonymous_5)","decl":{"start":{"line":90,"column":29},"end":{"line":90,"column":30}},"loc":{"start":{"line":90,"column":49},"end":{"line":100,"column":1}},"line":90},"6":{"name":"(anonymous_6)","decl":{"start":{"line":106,"column":30},"end":{"line":106,"column":31}},"loc":{"start":{"line":106,"column":50},"end":{"line":116,"column":1}},"line":106},"7":{"name":"(anonymous_7)","decl":{"start":{"line":121,"column":33},"end":{"line":121,"column":34}},"loc":{"start":{"line":121,"column":53},"end":{"line":131,"column":1}},"line":121},"8":{"name":"(anonymous_8)","decl":{"start":{"line":137,"column":19},"end":{"line":137,"column":20}},"loc":{"start":{"line":137,"column":39},"end":{"line":147,"column":1}},"line":137},"9":{"name":"(anonymous_9)","decl":{"start":{"line":153,"column":24},"end":{"line":153,"column":25}},"loc":{"start":{"line":153,"column":44},"end":{"line":163,"column":1}},"line":153},"10":{"name":"(anonymous_10)","decl":{"start":{"line":169,"column":21},"end":{"line":169,"column":22}},"loc":{"start":{"line":169,"column":41},"end":{"line":180,"column":1}},"line":169},"11":{"name":"(anonymous_11)","decl":{"start":{"line":185,"column":35},"end":{"line":185,"column":36}},"loc":{"start":{"line":185,"column":55},"end":{"line":196,"column":1}},"line":185},"12":{"name":"(anonymous_12)","decl":{"start":{"line":202,"column":22},"end":{"line":202,"column":23}},"loc":{"start":{"line":202,"column":42},"end":{"line":212,"column":1}},"line":202},"13":{"name":"(anonymous_13)","decl":{"start":{"line":218,"column":36},"end":{"line":218,"column":37}},"loc":{"start":{"line":218,"column":56},"end":{"line":229,"column":1}},"line":218},"14":{"name":"(anonymous_14)","decl":{"start":{"line":234,"column":31},"end":{"line":234,"column":32}},"loc":{"start":{"line":234,"column":51},"end":{"line":245,"column":1}},"line":234}},"branchMap":{},"s":{"0":2,"1":2,"2":2,"3":7,"4":7,"5":7,"6":6,"7":1,"8":2,"9":5,"10":5,"11":5,"12":5,"13":0,"14":2,"15":1,"16":1,"17":1,"18":1,"19":1,"20":0,"21":2,"22":2,"23":2,"24":2,"25":2,"26":1,"27":1,"28":2,"29":1,"30":1,"31":1,"32":0,"33":2,"34":1,"35":1,"36":1,"37":1,"38":0,"39":2,"40":1,"41":1,"42":1,"43":1,"44":0,"45":2,"46":1,"47":1,"48":1,"49":1,"50":0,"51":2,"52":3,"53":3,"54":3,"55":3,"56":0,"57":2,"58":0,"59":0,"60":0,"61":0,"62":0,"63":2,"64":6,"65":6,"66":6,"67":6,"68":6,"69":0,"70":2,"71":1,"72":1,"73":1,"74":1,"75":1,"76":0,"77":2,"78":2,"79":2,"80":2,"81":2,"82":0,"83":2,"84":2,"85":2,"86":2,"87":2,"88":2,"89":0,"90":2,"91":1,"92":1,"93":1,"94":1,"95":1,"96":0,"97":2},"f":{"0":7,"1":5,"2":1,"3":2,"4":1,"5":1,"6":1,"7":1,"8":3,"9":0,"10":6,"11":1,"12":2,"13":2,"14":1},"b":{},"_coverageSchema":"1a1c01bbd47fc00a2c39e90264f33305004495a9","hash":"126929b116116b9618aca82f909c5d38af646854"}
}
