TN:
SF:router.js
FNF:0
FNH:0
DA:1,2
DA:2,2
DA:3,2
DA:6,2
DA:7,2
DA:10,2
LF:6
LH:6
BRF:0
BRH:0
end_of_record
TN:
SF:server.js
FNF:0
FNH:0
DA:1,2
DA:2,2
DA:3,2
DA:5,2
DA:7,2
DA:8,2
DA:9,2
DA:11,2
LF:8
LH:8
BRF:0
BRH:0
end_of_record
TN:
SF:config/auth.js
FNF:0
FNH:0
DA:1,2
DA:3,2
LF:2
LH:2
BRF:0
BRH:0
end_of_record
TN:
SF:controllers/HiloController.js
FN:9,(anonymous_0)
FN:13,(anonymous_1)
FN:17,(anonymous_2)
FN:19,(anonymous_3)
FN:22,(anonymous_4)
FN:24,(anonymous_5)
FN:38,(anonymous_6)
FN:39,(anonymous_7)
FN:41,(anonymous_8)
FN:48,(anonymous_9)
FN:49,(anonymous_10)
FN:51,(anonymous_11)
FN:57,(anonymous_12)
FN:58,(anonymous_13)
FN:60,(anonymous_14)
FN:67,(anonymous_15)
FN:68,(anonymous_16)
FN:70,(anonymous_17)
FN:77,(anonymous_18)
FN:78,(anonymous_19)
FN:85,(anonymous_20)
FNF:21
FNH:14
FNDA:2,(anonymous_0)
FNDA:2,(anonymous_1)
FNDA:2,(anonymous_2)
FNDA:0,(anonymous_3)
FNDA:2,(anonymous_4)
FNDA:0,(anonymous_5)
FNDA:1,(anonymous_6)
FNDA:1,(anonymous_7)
FNDA:0,(anonymous_8)
FNDA:2,(anonymous_9)
FNDA:2,(anonymous_10)
FNDA:0,(anonymous_11)
FNDA:1,(anonymous_12)
FNDA:1,(anonymous_13)
FNDA:0,(anonymous_14)
FNDA:1,(anonymous_15)
FNDA:1,(anonymous_16)
FNDA:0,(anonymous_17)
FNDA:1,(anonymous_18)
FNDA:1,(anonymous_19)
FNDA:0,(anonymous_20)
DA:1,2
DA:2,2
DA:3,2
DA:4,2
DA:14,2
DA:15,2
DA:17,2
DA:18,2
DA:20,0
DA:22,2
DA:23,2
DA:25,0
DA:27,2
DA:28,2
DA:29,2
DA:31,0
DA:32,0
DA:34,2
DA:39,1
DA:40,1
DA:42,0
DA:44,1
DA:49,2
DA:50,2
DA:52,0
DA:54,2
DA:58,1
DA:59,1
DA:61,0
DA:63,1
DA:68,1
DA:69,1
DA:71,0
DA:73,1
DA:78,1
DA:79,1
DA:86,0
DA:96,2
DA:97,2
LF:39
LH:30
BRDA:27,0,0,2
BRDA:27,0,1,0
BRDA:27,1,0,2
BRDA:27,1,1,2
BRF:4
BRH:3
end_of_record
TN:
SF:controllers/UsuarioController.js
FN:11,(anonymous_0)
FN:15,(anonymous_1)
FN:17,(anonymous_2)
FN:19,(anonymous_3)
FN:26,(anonymous_4)
FN:27,(anonymous_5)
FN:29,(anonymous_6)
FN:36,(anonymous_7)
FN:37,(anonymous_8)
FN:39,(anonymous_9)
FN:45,(anonymous_10)
FN:46,(anonymous_11)
FN:48,(anonymous_12)
FN:54,(anonymous_13)
FN:55,(anonymous_14)
FN:57,(anonymous_15)
FN:64,(anonymous_16)
FN:69,(anonymous_17)
FN:70,(anonymous_18)
FN:72,(anonymous_19)
FN:78,(anonymous_20)
FN:82,(anonymous_21)
FN:116,(anonymous_22)
FN:147,(anonymous_23)
FN:164,(anonymous_24)
FN:176,(anonymous_25)
FN:197,(anonymous_26)
FN:208,(anonymous_27)
FN:215,(anonymous_28)
FN:233,(anonymous_29)
FN:244,(anonymous_30)
FN:245,(anonymous_31)
FN:252,(anonymous_32)
FN:262,(anonymous_33)
FN:291,(anonymous_34)
FN:298,(anonymous_35)
FN:307,(anonymous_36)
FN:309,(anonymous_37)
FN:323,(anonymous_38)
FN:332,(anonymous_39)
FN:339,(anonymous_40)
FN:353,(anonymous_41)
FN:355,(anonymous_42)
FN:368,(anonymous_43)
FN:377,(anonymous_44)
FN:379,(anonymous_45)
FN:399,(anonymous_46)
FN:406,(anonymous_47)
FN:426,(anonymous_48)
FN:435,(anonymous_49)
FN:437,(anonymous_50)
FN:449,(anonymous_51)
FN:456,(anonymous_52)
FNF:53
FNH:40
FNDA:2,(anonymous_0)
FNDA:7,(anonymous_1)
FNDA:3,(anonymous_2)
FNDA:3,(anonymous_3)
FNDA:1,(anonymous_4)
FNDA:1,(anonymous_5)
FNDA:0,(anonymous_6)
FNDA:1,(anonymous_7)
FNDA:1,(anonymous_8)
FNDA:0,(anonymous_9)
FNDA:1,(anonymous_10)
FNDA:1,(anonymous_11)
FNDA:0,(anonymous_12)
FNDA:1,(anonymous_13)
FNDA:1,(anonymous_14)
FNDA:0,(anonymous_15)
FNDA:0,(anonymous_16)
FNDA:3,(anonymous_17)
FNDA:2,(anonymous_18)
FNDA:1,(anonymous_19)
FNDA:5,(anonymous_20)
FNDA:5,(anonymous_21)
FNDA:6,(anonymous_22)
FNDA:2,(anonymous_23)
FNDA:1,(anonymous_24)
FNDA:1,(anonymous_25)
FNDA:1,(anonymous_26)
FNDA:1,(anonymous_27)
FNDA:0,(anonymous_28)
FNDA:0,(anonymous_29)
FNDA:2,(anonymous_30)
FNDA:1,(anonymous_31)
FNDA:1,(anonymous_32)
FNDA:1,(anonymous_33)
FNDA:1,(anonymous_34)
FNDA:0,(anonymous_35)
FNDA:1,(anonymous_36)
FNDA:0,(anonymous_37)
FNDA:2,(anonymous_38)
FNDA:1,(anonymous_39)
FNDA:1,(anonymous_40)
FNDA:1,(anonymous_41)
FNDA:1,(anonymous_42)
FNDA:2,(anonymous_43)
FNDA:2,(anonymous_44)
FNDA:0,(anonymous_45)
FNDA:1,(anonymous_46)
FNDA:0,(anonymous_47)
FNDA:1,(anonymous_48)
FNDA:1,(anonymous_49)
FNDA:0,(anonymous_50)
FNDA:1,(anonymous_51)
FNDA:0,(anonymous_52)
DA:1,2
DA:2,2
DA:3,2
DA:4,2
DA:5,2
DA:6,2
DA:16,7
DA:17,6
DA:18,3
DA:20,3
DA:22,6
DA:27,1
DA:28,1
DA:30,0
DA:32,1
DA:37,1
DA:38,1
DA:40,0
DA:42,1
DA:46,1
DA:47,1
DA:49,0
DA:51,1
DA:55,1
DA:56,1
DA:58,0
DA:60,1
DA:65,0
DA:66,0
DA:70,3
DA:71,2
DA:73,1
DA:75,3
DA:79,5
DA:80,5
DA:82,5
DA:83,5
DA:84,2
DA:92,3
DA:93,2
DA:96,2
DA:104,1
DA:113,5
DA:117,6
DA:118,6
DA:119,1
DA:126,5
DA:127,1
DA:128,1
DA:131,5
DA:132,1
DA:138,4
DA:139,1
DA:147,3
DA:148,2
DA:149,1
DA:157,1
DA:165,1
DA:172,3
DA:177,1
DA:178,1
DA:180,1
DA:181,0
DA:188,1
DA:189,0
DA:197,1
DA:198,1
DA:199,0
DA:206,1
DA:207,1
DA:208,1
DA:209,1
DA:216,0
DA:223,1
DA:225,0
DA:234,0
DA:241,1
DA:245,2
DA:246,1
DA:253,1
DA:263,1
DA:264,0
DA:288,1
DA:289,1
DA:291,1
DA:292,1
DA:299,0
DA:307,1
DA:308,1
DA:310,0
DA:313,1
DA:314,1
DA:315,1
DA:317,0
DA:318,0
DA:320,1
DA:324,2
DA:325,2
DA:327,2
DA:333,1
DA:340,1
DA:348,2
DA:354,1
DA:355,1
DA:357,2
DA:358,1
DA:359,1
DA:361,1
DA:362,1
DA:365,2
DA:369,2
DA:370,2
DA:372,2
DA:378,2
DA:379,0
DA:380,2
DA:400,1
DA:407,0
DA:415,1
DA:416,1
DA:417,1
DA:419,0
DA:420,0
DA:423,1
DA:427,1
DA:428,1
DA:430,1
DA:436,1
DA:437,0
DA:438,1
DA:450,1
DA:457,0
DA:465,1
DA:466,1
DA:467,1
DA:469,0
DA:470,0
DA:473,1
DA:478,2
DA:479,2
LF:140
LH:115
BRDA:83,0,0,2
BRDA:83,0,1,3
BRDA:92,1,0,2
BRDA:92,1,1,1
BRDA:118,2,0,1
BRDA:118,2,1,5
BRDA:126,3,0,1
BRDA:126,3,1,4
BRDA:131,4,0,1
BRDA:131,4,1,4
BRDA:138,5,0,1
BRDA:138,5,1,3
BRDA:148,6,0,1
BRDA:148,6,1,1
BRDA:180,7,0,0
BRDA:180,7,1,1
BRDA:188,8,0,0
BRDA:188,8,1,1
BRDA:198,9,0,0
BRDA:198,9,1,1
BRDA:206,10,0,1
BRDA:206,10,1,0
BRDA:263,11,0,0
BRDA:263,11,1,1
BRDA:263,12,0,1
BRDA:263,12,1,1
BRDA:313,13,0,1
BRDA:313,13,1,0
BRDA:313,14,0,1
BRDA:313,14,1,1
BRDA:357,15,0,1
BRDA:357,15,1,1
BRDA:357,16,0,2
BRDA:357,16,1,1
BRDA:392,17,0,1
BRDA:392,17,1,0
BRDA:393,18,0,1
BRDA:393,18,1,0
BRDA:415,19,0,1
BRDA:415,19,1,0
BRDA:415,20,0,1
BRDA:415,20,1,1
BRDA:465,21,0,1
BRDA:465,21,1,0
BRDA:465,22,0,1
BRDA:465,22,1,1
BRF:46
BRH:36
end_of_record
TN:
SF:models/hilo.js
FNF:0
FNH:0
DA:2,2
DA:3,2
DA:5,2
DA:43,2
DA:44,2
LF:5
LH:5
BRF:0
BRH:0
end_of_record
TN:
SF:models/usuario.js
FN:54,(anonymous_0)
FNF:1
FNH:1
FNDA:21,(anonymous_0)
DA:2,2
DA:3,2
DA:5,2
DA:53,2
DA:55,21
DA:56,21
DA:60,2
DA:62,2
DA:63,2
LF:9
LH:9
BRF:0
BRH:0
end_of_record
TN:
SF:views/HiloRouter.js
FN:9,(anonymous_0)
FN:25,(anonymous_1)
FN:40,(anonymous_2)
FN:55,(anonymous_3)
FN:71,(anonymous_4)
FN:88,(anonymous_5)
FNF:6
FNH:6
FNDA:2,(anonymous_0)
FNDA:1,(anonymous_1)
FNDA:2,(anonymous_2)
FNDA:1,(anonymous_3)
FNDA:1,(anonymous_4)
FNDA:1,(anonymous_5)
DA:1,2
DA:3,2
DA:9,2
DA:10,2
DA:11,2
DA:12,2
DA:13,2
DA:15,0
DA:25,2
DA:26,1
DA:27,1
DA:28,1
DA:30,0
DA:40,2
DA:41,2
DA:42,2
DA:43,2
DA:44,2
DA:46,0
DA:55,2
DA:56,1
DA:57,1
DA:58,1
DA:59,1
DA:61,0
DA:71,2
DA:72,1
DA:73,1
DA:74,1
DA:75,1
DA:76,1
DA:78,0
DA:88,2
DA:89,1
DA:90,1
DA:91,1
DA:92,1
DA:94,0
DA:100,2
LF:39
LH:33
BRF:0
BRH:0
end_of_record
TN:
SF:views/UsuarioRouter.js
FN:9,(anonymous_0)
FN:25,(anonymous_1)
FN:41,(anonymous_2)
FN:58,(anonymous_3)
FN:75,(anonymous_4)
FN:90,(anonymous_5)
FN:106,(anonymous_6)
FN:121,(anonymous_7)
FN:137,(anonymous_8)
FN:153,(anonymous_9)
FN:169,(anonymous_10)
FN:185,(anonymous_11)
FN:202,(anonymous_12)
FN:218,(anonymous_13)
FN:234,(anonymous_14)
FNF:15
FNH:14
FNDA:7,(anonymous_0)
FNDA:5,(anonymous_1)
FNDA:1,(anonymous_2)
FNDA:2,(anonymous_3)
FNDA:1,(anonymous_4)
FNDA:1,(anonymous_5)
FNDA:1,(anonymous_6)
FNDA:1,(anonymous_7)
FNDA:3,(anonymous_8)
FNDA:0,(anonymous_9)
FNDA:6,(anonymous_10)
FNDA:1,(anonymous_11)
FNDA:2,(anonymous_12)
FNDA:2,(anonymous_13)
FNDA:1,(anonymous_14)
DA:1,2
DA:3,2
DA:9,2
DA:10,7
DA:11,7
DA:12,7
DA:13,6
DA:15,1
DA:25,2
DA:26,5
DA:27,5
DA:28,5
DA:29,5
DA:31,0
DA:41,2
DA:42,1
DA:43,1
DA:44,1
DA:45,1
DA:46,1
DA:48,0
DA:58,2
DA:59,2
DA:60,2
DA:61,2
DA:62,2
DA:63,1
DA:65,1
DA:75,2
DA:76,1
DA:77,1
DA:78,1
DA:80,0
DA:90,2
DA:91,1
DA:92,1
DA:93,1
DA:94,1
DA:96,0
DA:106,2
DA:107,1
DA:108,1
DA:109,1
DA:110,1
DA:112,0
DA:121,2
DA:122,1
DA:123,1
DA:124,1
DA:125,1
DA:127,0
DA:137,2
DA:138,3
DA:139,3
DA:140,3
DA:141,3
DA:143,0
DA:153,2
DA:154,0
DA:155,0
DA:156,0
DA:157,0
DA:159,0
DA:169,2
DA:170,6
DA:171,6
DA:172,6
DA:173,6
DA:174,6
DA:176,0
DA:185,2
DA:186,1
DA:187,1
DA:188,1
DA:189,1
DA:190,1
DA:192,0
DA:202,2
DA:203,2
DA:204,2
DA:205,2
DA:206,2
DA:208,0
DA:218,2
DA:219,2
DA:220,2
DA:221,2
DA:222,2
DA:223,2
DA:225,0
DA:234,2
DA:235,1
DA:236,1
DA:237,1
DA:238,1
DA:239,1
DA:241,0
DA:247,2
LF:98
LH:81
BRF:0
BRH:0
end_of_record
